/workspace/imagenet-data/DeepTextClassifier
vocab size: 400000 we shape:  (400001, 100)
sentence2id miss_tokens cnt: 31334
train_x: 144784  train_y: 144784
sentence2id miss_tokens cnt: 3107
test_x: 18016  test_y: 18016
Epoch 0: cost: 0.0574595516129, acc: 0.516581632653
Epoch 0: dev acc: 0.539242895204
Epoch 1: cost: 0.0509069507219, acc: 0.533163265306
Epoch 1: dev acc: 0.546125666075
Epoch 2: cost: 0.0492308471276, acc: 0.549744897959
Epoch 2: dev acc: 0.545737122558
Epoch 3: cost: 0.0487940208036, acc: 0.56887755102
Epoch 3: dev acc: 0.545626110124
Epoch 4: cost: 0.0513256442334, acc: 0.561224489796
Epoch 4: dev acc: 0.545681616341
Epoch 5: cost: 0.0477313440369, acc: 0.559948979592
Epoch 5: dev acc: 0.545515097691
Epoch 6: cost: 0.0498057891216, acc: 0.558673469388
Epoch 6: dev acc: 0.545348579041
Epoch 7: cost: 0.0504985679777, acc: 0.547193877551
Epoch 7: dev acc: 0.545237566607
Epoch 8: cost: 0.0486672917495, acc: 0.540816326531
Epoch 8: dev acc: 0.545348579041
Epoch 9: cost: 0.0489605532921, acc: 0.56887755102
Epoch 9: dev acc: 0.545459591474
Epoch 10: cost: 0.0477842825408, acc: 0.576530612245
Epoch 10: dev acc: 0.545348579041
Epoch 11: cost: 0.047872436746, acc: 0.576530612245
Epoch 11: dev acc: 0.545515097691
Epoch 12: cost: 0.0447641500101, acc: 0.589285714286
Epoch 12: dev acc: 0.545404085258
Epoch 13: cost: 0.0490169503099, acc: 0.573979591837
Epoch 13: dev acc: 0.545237566607
Epoch 14: cost: 0.0508062523239, acc: 0.547193877551
Epoch 14: dev acc: 0.545237566607
Epoch 15: cost: 0.0493110138543, acc: 0.549744897959
Epoch 15: dev acc: 0.545515097691
Epoch 16: cost: 0.0493780392773, acc: 0.56887755102
Epoch 16: dev acc: 0.545459591474
Epoch 17: cost: 0.0497872592235, acc: 0.561224489796
Epoch 17: dev acc: 0.545515097691
Epoch 18: cost: 0.0505620116482, acc: 0.548469387755
Epoch 18: dev acc: 0.545348579041
Epoch 19: cost: 0.049759136779, acc: 0.548469387755
Epoch 19: dev acc: 0.545626110124
Epoch 20: cost: 0.048548215506, acc: 0.584183673469
Epoch 20: dev acc: 0.545681616341
Epoch 21: cost: 0.0515035555071, acc: 0.538265306122
Epoch 21: dev acc: 0.545792628774
Epoch 22: cost: 0.0481139801595, acc: 0.539540816327
Epoch 22: dev acc: 0.545792628774
Epoch 23: cost: 0.0493095734594, acc: 0.55612244898
Epoch 23: dev acc: 0.545848134991
Epoch 24: cost: 0.0487184480441, acc: 0.542091836735
Epoch 24: dev acc: 0.545903641208
Epoch 25: cost: 0.0493082861815, acc: 0.559948979592
Epoch 25: dev acc: 0.545848134991
Epoch 26: cost: 0.0520578035895, acc: 0.524234693878
Epoch 26: dev acc: 0.546070159858
Epoch 27: cost: 0.0477365535133, acc: 0.584183673469
Epoch 27: dev acc: 0.546236678508
Epoch 28: cost: 0.0485812507722, acc: 0.566326530612
Epoch 28: dev acc: 0.546070159858
Epoch 29: cost: 0.0470921730205, acc: 0.570153061224
Epoch 29: dev acc: 0.545959147425
Epoch 30: cost: 0.0502711049452, acc: 0.53443877551
Epoch 30: dev acc: 0.545848134991
Epoch 31: cost: 0.0464387647047, acc: 0.588010204082
Epoch 31: dev acc: 0.545848134991
Epoch 32: cost: 0.0490276092777, acc: 0.565051020408
Epoch 32: dev acc: 0.545903641208
Epoch 33: cost: 0.0493651625453, acc: 0.56887755102
Epoch 33: dev acc: 0.545737122558
Epoch 34: cost: 0.0464117853921, acc: 0.593112244898
Epoch 34: dev acc: 0.545903641208
Epoch 35: cost: 0.0476132701246, acc: 0.566326530612
Epoch 35: dev acc: 0.546014653641
Epoch 36: cost: 0.0471873371577, acc: 0.594387755102
Epoch 36: dev acc: 0.546236678508
Epoch 37: cost: 0.0496783306708, acc: 0.552295918367
Epoch 37: dev acc: 0.546181172291
Epoch 38: cost: 0.0483104309865, acc: 0.565051020408
Epoch 38: dev acc: 0.546014653641
Epoch 39: cost: 0.0504560253146, acc: 0.533163265306
Epoch 39: dev acc: 0.546014653641
Epoch 40: cost: 0.0480611482445, acc: 0.56887755102
Epoch 40: dev acc: 0.545959147425
Epoch 41: cost: 0.0479343463572, acc: 0.579081632653
Epoch 41: dev acc: 0.545681616341
Epoch 42: cost: 0.0499263472703, acc: 0.544642857143
Epoch 42: dev acc: 0.545792628774
Epoch 43: cost: 0.0468235593669, acc: 0.589285714286
Epoch 43: dev acc: 0.545959147425
Epoch 44: cost: 0.0510981038821, acc: 0.543367346939
Epoch 44: dev acc: 0.546014653641
Epoch 45: cost: 0.049940427043, acc: 0.533163265306
Epoch 45: dev acc: 0.545903641208
Epoch 46: cost: 0.047707132539, acc: 0.576530612245
Epoch 46: dev acc: 0.545848134991
Epoch 47: cost: 0.0476171846445, acc: 0.570153061224
Epoch 47: dev acc: 0.545792628774
Epoch 48: cost: 0.0506167243026, acc: 0.545918367347
Epoch 48: dev acc: 0.545903641208
Epoch 49: cost: 0.049350405302, acc: 0.545918367347
Epoch 49: dev acc: 0.545903641208
Epoch 50: cost: 0.0501787764381, acc: 0.533163265306
Epoch 50: dev acc: 0.546014653641
Epoch 51: cost: 0.0488304436511, acc: 0.563775510204
Epoch 51: dev acc: 0.545681616341
Epoch 52: cost: 0.0527716198442, acc: 0.522959183673
Epoch 52: dev acc: 0.545792628774
Epoch 53: cost: 0.0496642807004, acc: 0.543367346939
Epoch 53: dev acc: 0.545681616341
Epoch 54: cost: 0.0515764594382, acc: 0.529336734694
Epoch 54: dev acc: 0.545848134991
Epoch 55: cost: 0.0486925812248, acc: 0.5625
Epoch 55: dev acc: 0.545903641208
Epoch 56: cost: 0.0458050224246, acc: 0.595663265306
Epoch 56: dev acc: 0.545848134991
Epoch 57: cost: 0.0482245013118, acc: 0.570153061224
Epoch 57: dev acc: 0.545848134991
Epoch 58: cost: 0.0471202641421, acc: 0.56887755102
Epoch 58: dev acc: 0.545681616341
Epoch 59: cost: 0.0476823544928, acc: 0.561224489796
Epoch 59: dev acc: 0.545792628774
Epoch 60: cost: 0.0479098073378, acc: 0.565051020408
Epoch 60: dev acc: 0.545792628774
Epoch 61: cost: 0.0484262161261, acc: 0.563775510204
Epoch 61: dev acc: 0.545737122558
Epoch 62: cost: 0.0495868249207, acc: 0.542091836735
Epoch 62: dev acc: 0.545737122558
Epoch 63: cost: 0.0493877755136, acc: 0.544642857143
Epoch 63: dev acc: 0.545737122558
Epoch 64: cost: 0.0467344277671, acc: 0.586734693878
Epoch 64: dev acc: 0.545848134991
Epoch 65: cost: 0.0476356433058, acc: 0.567602040816
Epoch 65: dev acc: 0.545737122558
Epoch 66: cost: 0.047133143459, acc: 0.582908163265
Epoch 66: dev acc: 0.545681616341
Epoch 67: cost: 0.0471955829737, acc: 0.561224489796
Epoch 67: dev acc: 0.545737122558
Epoch 68: cost: 0.0462970025077, acc: 0.565051020408
Epoch 68: dev acc: 0.545681616341
Epoch 69: cost: 0.0482341402343, acc: 0.565051020408
Epoch 69: dev acc: 0.545737122558
Epoch 70: cost: 0.0479655379848, acc: 0.566326530612
Epoch 70: dev acc: 0.545681616341
Epoch 71: cost: 0.0500557661361, acc: 0.563775510204
Epoch 71: dev acc: 0.545848134991
Epoch 72: cost: 0.0511563703114, acc: 0.529336734694
Epoch 72: dev acc: 0.545959147425
Epoch 73: cost: 0.0499426111275, acc: 0.539540816327
Epoch 73: dev acc: 0.545903641208
Epoch 74: cost: 0.0473962087108, acc: 0.582908163265
Epoch 74: dev acc: 0.546125666075
Epoch 75: cost: 0.0471388585105, acc: 0.584183673469
Epoch 75: dev acc: 0.546070159858
Epoch 76: cost: 0.0457950260262, acc: 0.586734693878
Epoch 76: dev acc: 0.545848134991
Epoch 77: cost: 0.0481476234842, acc: 0.566326530612
Epoch 77: dev acc: 0.545681616341
Epoch 78: cost: 0.0484790216599, acc: 0.567602040816
Epoch 78: dev acc: 0.545848134991
Epoch 79: cost: 0.0491063345452, acc: 0.557397959184
Epoch 79: dev acc: 0.545959147425
Epoch 80: cost: 0.0514109342986, acc: 0.526785714286
Epoch 80: dev acc: 0.546014653641
Epoch 81: cost: 0.0482902937398, acc: 0.547193877551
Epoch 81: dev acc: 0.546014653641
Epoch 82: cost: 0.0467240474358, acc: 0.594387755102
Epoch 82: dev acc: 0.545903641208
Epoch 83: cost: 0.0492684319615, acc: 0.542091836735
Epoch 83: dev acc: 0.545792628774
Epoch 84: cost: 0.0470829344526, acc: 0.594387755102
Epoch 84: dev acc: 0.545792628774
Epoch 85: cost: 0.0464720788355, acc: 0.563775510204
Epoch 85: dev acc: 0.545903641208
Epoch 86: cost: 0.0500273240768, acc: 0.525510204082
Epoch 86: dev acc: 0.546125666075
Epoch 87: cost: 0.0480580763245, acc: 0.567602040816
Epoch 87: dev acc: 0.546181172291
Epoch 88: cost: 0.0487432637233, acc: 0.557397959184
Epoch 88: dev acc: 0.546125666075
Epoch 89: cost: 0.0489235505158, acc: 0.570153061224
Epoch 89: dev acc: 0.546181172291
Epoch 90: cost: 0.0459219398243, acc: 0.582908163265
Epoch 90: dev acc: 0.546014653641
Epoch 91: cost: 0.0477822311983, acc: 0.573979591837
Epoch 91: dev acc: 0.545959147425
Epoch 92: co